2022-06-02 18:18:50,110 DEBUG c.d.d.d.UserDao [main] SELECT * FROM Users WHERE UserName = ? AND Password = ?;
2022-06-02 18:32:30,275 DEBUG c.d.d.d.UserDao [main] Was returned UserDto{id=1, username='login', password='pass', name='Denis'}
2022-06-02 18:40:18,714 DEBUG c.d.d.f.ConfigFactory [main] Configuration readability: true
2022-06-02 18:40:21,703 DEBUG c.d.d.d.UserDao [main] Was returned UserDto{id=1, username='login', password='pass', name='Denis'}
2022-06-02 18:48:12,786 DEBUG c.d.d.f.ConfigFactory [main] Configuration readability: false
2022-06-02 18:48:14,007 DEBUG c.d.d.d.UserDao [main] Was returned UserDto{id=1, username='login', password='pass', name='Denis'}
2022-06-02 19:07:26,167 DEBUG c.d.d.f.ConfigFactory [main] Configuration readability: false
2022-06-02 19:07:26,371 ERROR c.d.d.f.ConfigFactory [main] Can't load properties file/files. Check file status in src/java/resources/<yourProperty>.properties
com.denis.domain.exceptions.DomainException: org.apache.commons.configuration2.ex.ConfigurationException: Could not locate: org.apache.commons.configuration2.io.FileLocator@4748a0f9[fileName=classes/dbproperties.properties,basePath=<null>,sourceURL=,encoding=ISO-8859-1,fileSystem=<null>,locationStrategy=<null>]
	at com.denis.domain.factories.ConfigFactory.<clinit>(ConfigFactory.java:29) [classes/:?]
	at com.denis.domain.dao.ConnectionFactory.<clinit>(ConnectionFactory.java:27) [classes/:?]
	at com.denis.domain.dao.ConnectionFactoryTest.getConnectionTest(ConnectionFactoryTest.java:12) [test-classes/:?]
	at jdk.internal.reflect.NativeMethodAccessorImpl.invoke0(Native Method) ~[?:?]
	at jdk.internal.reflect.NativeMethodAccessorImpl.invoke(NativeMethodAccessorImpl.java:62) ~[?:?]
	at jdk.internal.reflect.DelegatingMethodAccessorImpl.invoke(DelegatingMethodAccessorImpl.java:43) ~[?:?]
	at java.lang.reflect.Method.invoke(Method.java:566) ~[?:?]
	at org.junit.runners.model.FrameworkMethod$1.runReflectiveCall(FrameworkMethod.java:59) [junit-4.13.2.jar:4.13.2]
	at org.junit.internal.runners.model.ReflectiveCallable.run(ReflectiveCallable.java:12) [junit-4.13.2.jar:4.13.2]
	at org.junit.runners.model.FrameworkMethod.invokeExplosively(FrameworkMethod.java:56) [junit-4.13.2.jar:4.13.2]
	at org.junit.internal.runners.statements.InvokeMethod.evaluate(InvokeMethod.java:17) [junit-4.13.2.jar:4.13.2]
	at org.junit.runners.ParentRunner$3.evaluate(ParentRunner.java:306) [junit-4.13.2.jar:4.13.2]
	at org.junit.runners.BlockJUnit4ClassRunner$1.evaluate(BlockJUnit4ClassRunner.java:100) [junit-4.13.2.jar:4.13.2]
	at org.junit.runners.ParentRunner.runLeaf(ParentRunner.java:366) [junit-4.13.2.jar:4.13.2]
	at org.junit.runners.BlockJUnit4ClassRunner.runChild(BlockJUnit4ClassRunner.java:103) [junit-4.13.2.jar:4.13.2]
	at org.junit.runners.BlockJUnit4ClassRunner.runChild(BlockJUnit4ClassRunner.java:63) [junit-4.13.2.jar:4.13.2]
	at org.junit.runners.ParentRunner$4.run(ParentRunner.java:331) [junit-4.13.2.jar:4.13.2]
	at org.junit.runners.ParentRunner$1.schedule(ParentRunner.java:79) [junit-4.13.2.jar:4.13.2]
	at org.junit.runners.ParentRunner.runChildren(ParentRunner.java:329) [junit-4.13.2.jar:4.13.2]
	at org.junit.runners.ParentRunner.access$100(ParentRunner.java:66) [junit-4.13.2.jar:4.13.2]
	at org.junit.runners.ParentRunner$2.evaluate(ParentRunner.java:293) [junit-4.13.2.jar:4.13.2]
	at org.junit.runners.ParentRunner$3.evaluate(ParentRunner.java:306) [junit-4.13.2.jar:4.13.2]
	at org.junit.runners.ParentRunner.run(ParentRunner.java:413) [junit-4.13.2.jar:4.13.2]
	at org.apache.maven.surefire.junit4.JUnit4Provider.execute(JUnit4Provider.java:252) [surefire-junit4-2.12.4.jar:2.12.4]
	at org.apache.maven.surefire.junit4.JUnit4Provider.executeTestSet(JUnit4Provider.java:141) [surefire-junit4-2.12.4.jar:2.12.4]
	at org.apache.maven.surefire.junit4.JUnit4Provider.invoke(JUnit4Provider.java:112) [surefire-junit4-2.12.4.jar:2.12.4]
	at jdk.internal.reflect.NativeMethodAccessorImpl.invoke0(Native Method) ~[?:?]
	at jdk.internal.reflect.NativeMethodAccessorImpl.invoke(NativeMethodAccessorImpl.java:62) ~[?:?]
	at jdk.internal.reflect.DelegatingMethodAccessorImpl.invoke(DelegatingMethodAccessorImpl.java:43) ~[?:?]
	at java.lang.reflect.Method.invoke(Method.java:566) ~[?:?]
	at org.apache.maven.surefire.util.ReflectionUtils.invokeMethodWithArray(ReflectionUtils.java:189) [surefire-api-2.12.4.jar:2.12.4]
	at org.apache.maven.surefire.booter.ProviderFactory$ProviderProxy.invoke(ProviderFactory.java:165) [surefire-booter-2.12.4.jar:2.12.4]
	at org.apache.maven.surefire.booter.ProviderFactory.invokeProvider(ProviderFactory.java:85) [surefire-booter-2.12.4.jar:2.12.4]
	at org.apache.maven.surefire.booter.ForkedBooter.runSuitesInProcess(ForkedBooter.java:115) [surefire-booter-2.12.4.jar:2.12.4]
	at org.apache.maven.surefire.booter.ForkedBooter.main(ForkedBooter.java:75) [surefire-booter-2.12.4.jar:2.12.4]
Caused by: org.apache.commons.configuration2.ex.ConfigurationException: Could not locate: org.apache.commons.configuration2.io.FileLocator@4748a0f9[fileName=classes/dbproperties.properties,basePath=<null>,sourceURL=,encoding=ISO-8859-1,fileSystem=<null>,locationStrategy=<null>]
	at org.apache.commons.configuration2.io.FileLocatorUtils.locateOrThrow(FileLocatorUtils.java:345) ~[commons-configuration2-2.7.jar:2.7]
	at org.apache.commons.configuration2.io.FileHandler.load(FileHandler.java:971) ~[commons-configuration2-2.7.jar:2.7]
	at org.apache.commons.configuration2.io.FileHandler.load(FileHandler.java:701) ~[commons-configuration2-2.7.jar:2.7]
	at org.apache.commons.configuration2.builder.FileBasedConfigurationBuilder.initFileHandler(FileBasedConfigurationBuilder.java:311) ~[commons-configuration2-2.7.jar:2.7]
	at org.apache.commons.configuration2.builder.FileBasedConfigurationBuilder.initResultInstance(FileBasedConfigurationBuilder.java:290) ~[commons-configuration2-2.7.jar:2.7]
	at org.apache.commons.configuration2.builder.FileBasedConfigurationBuilder.initResultInstance(FileBasedConfigurationBuilder.java:59) ~[commons-configuration2-2.7.jar:2.7]
	at org.apache.commons.configuration2.builder.BasicConfigurationBuilder.createResult(BasicConfigurationBuilder.java:420) ~[commons-configuration2-2.7.jar:2.7]
	at org.apache.commons.configuration2.builder.BasicConfigurationBuilder.getConfiguration(BasicConfigurationBuilder.java:284) ~[commons-configuration2-2.7.jar:2.7]
	at org.apache.commons.configuration2.builder.fluent.Configurations.properties(Configurations.java:342) ~[commons-configuration2-2.7.jar:2.7]
	at com.denis.domain.factories.ConfigFactory.initializePropertiesMap(ConfigFactory.java:44) ~[classes/:?]
	at com.denis.domain.factories.ConfigFactory.<clinit>(ConfigFactory.java:27) ~[classes/:?]
	... 34 more
2022-06-02 19:14:49,005 DEBUG c.d.d.f.ConfigFactory [main] Configuration readability: false
2022-06-02 19:14:50,147 DEBUG c.d.d.d.UserDao [main] Was returned UserDto{id=1, username='login', password='pass', name='Denis'}
2022-06-02 19:16:09,175 DEBUG c.d.d.f.ConfigFactory [main] Configuration readability: false
2022-06-02 19:16:09,343 ERROR c.d.d.f.ConfigFactory [main] Can't load properties file/files. Check file status in src/java/resources/<yourProperty>.properties
com.denis.domain.exceptions.DomainException: org.apache.commons.configuration2.ex.ConfigurationException: Could not locate: org.apache.commons.configuration2.io.FileLocator@7c214cc0[fileName=proertiesLocations.properties,basePath=/home/denis/eclipse-workspace/TimeTracker/classes,sourceURL=,encoding=ISO-8859-1,fileSystem=<null>,locationStrategy=<null>]
	at com.denis.domain.factories.ConfigFactory.<clinit>(ConfigFactory.java:29) [classes/:?]
	at com.denis.domain.factories.ConfigFactoryTest.getConfigByNameTest(ConfigFactoryTest.java:27) [test-classes/:?]
	at jdk.internal.reflect.NativeMethodAccessorImpl.invoke0(Native Method) ~[?:?]
	at jdk.internal.reflect.NativeMethodAccessorImpl.invoke(NativeMethodAccessorImpl.java:62) ~[?:?]
	at jdk.internal.reflect.DelegatingMethodAccessorImpl.invoke(DelegatingMethodAccessorImpl.java:43) ~[?:?]
	at java.lang.reflect.Method.invoke(Method.java:566) ~[?:?]
	at org.junit.runners.model.FrameworkMethod$1.runReflectiveCall(FrameworkMethod.java:59) [junit-4.13.2.jar:4.13.2]
	at org.junit.internal.runners.model.ReflectiveCallable.run(ReflectiveCallable.java:12) [junit-4.13.2.jar:4.13.2]
	at org.junit.runners.model.FrameworkMethod.invokeExplosively(FrameworkMethod.java:56) [junit-4.13.2.jar:4.13.2]
	at org.junit.internal.runners.statements.InvokeMethod.evaluate(InvokeMethod.java:17) [junit-4.13.2.jar:4.13.2]
	at org.junit.runners.ParentRunner$3.evaluate(ParentRunner.java:306) [junit-4.13.2.jar:4.13.2]
	at org.junit.runners.BlockJUnit4ClassRunner$1.evaluate(BlockJUnit4ClassRunner.java:100) [junit-4.13.2.jar:4.13.2]
	at org.junit.runners.ParentRunner.runLeaf(ParentRunner.java:366) [junit-4.13.2.jar:4.13.2]
	at org.junit.runners.BlockJUnit4ClassRunner.runChild(BlockJUnit4ClassRunner.java:103) [junit-4.13.2.jar:4.13.2]
	at org.junit.runners.BlockJUnit4ClassRunner.runChild(BlockJUnit4ClassRunner.java:63) [junit-4.13.2.jar:4.13.2]
	at org.junit.runners.ParentRunner$4.run(ParentRunner.java:331) [junit-4.13.2.jar:4.13.2]
	at org.junit.runners.ParentRunner$1.schedule(ParentRunner.java:79) [junit-4.13.2.jar:4.13.2]
	at org.junit.runners.ParentRunner.runChildren(ParentRunner.java:329) [junit-4.13.2.jar:4.13.2]
	at org.junit.runners.ParentRunner.access$100(ParentRunner.java:66) [junit-4.13.2.jar:4.13.2]
	at org.junit.runners.ParentRunner$2.evaluate(ParentRunner.java:293) [junit-4.13.2.jar:4.13.2]
	at org.junit.runners.ParentRunner$3.evaluate(ParentRunner.java:306) [junit-4.13.2.jar:4.13.2]
	at org.junit.runners.ParentRunner.run(ParentRunner.java:413) [junit-4.13.2.jar:4.13.2]
	at org.apache.maven.surefire.junit4.JUnit4Provider.execute(JUnit4Provider.java:252) [surefire-junit4-2.12.4.jar:2.12.4]
	at org.apache.maven.surefire.junit4.JUnit4Provider.executeTestSet(JUnit4Provider.java:141) [surefire-junit4-2.12.4.jar:2.12.4]
	at org.apache.maven.surefire.junit4.JUnit4Provider.invoke(JUnit4Provider.java:112) [surefire-junit4-2.12.4.jar:2.12.4]
	at jdk.internal.reflect.NativeMethodAccessorImpl.invoke0(Native Method) ~[?:?]
	at jdk.internal.reflect.NativeMethodAccessorImpl.invoke(NativeMethodAccessorImpl.java:62) ~[?:?]
	at jdk.internal.reflect.DelegatingMethodAccessorImpl.invoke(DelegatingMethodAccessorImpl.java:43) ~[?:?]
	at java.lang.reflect.Method.invoke(Method.java:566) ~[?:?]
	at org.apache.maven.surefire.util.ReflectionUtils.invokeMethodWithArray(ReflectionUtils.java:189) [surefire-api-2.12.4.jar:2.12.4]
	at org.apache.maven.surefire.booter.ProviderFactory$ProviderProxy.invoke(ProviderFactory.java:165) [surefire-booter-2.12.4.jar:2.12.4]
	at org.apache.maven.surefire.booter.ProviderFactory.invokeProvider(ProviderFactory.java:85) [surefire-booter-2.12.4.jar:2.12.4]
	at org.apache.maven.surefire.booter.ForkedBooter.runSuitesInProcess(ForkedBooter.java:115) [surefire-booter-2.12.4.jar:2.12.4]
	at org.apache.maven.surefire.booter.ForkedBooter.main(ForkedBooter.java:75) [surefire-booter-2.12.4.jar:2.12.4]
Caused by: org.apache.commons.configuration2.ex.ConfigurationException: Could not locate: org.apache.commons.configuration2.io.FileLocator@7c214cc0[fileName=proertiesLocations.properties,basePath=/home/denis/eclipse-workspace/TimeTracker/classes,sourceURL=,encoding=ISO-8859-1,fileSystem=<null>,locationStrategy=<null>]
	at org.apache.commons.configuration2.io.FileLocatorUtils.locateOrThrow(FileLocatorUtils.java:345) ~[commons-configuration2-2.7.jar:2.7]
	at org.apache.commons.configuration2.io.FileHandler.load(FileHandler.java:971) ~[commons-configuration2-2.7.jar:2.7]
	at org.apache.commons.configuration2.io.FileHandler.load(FileHandler.java:701) ~[commons-configuration2-2.7.jar:2.7]
	at org.apache.commons.configuration2.builder.FileBasedConfigurationBuilder.initFileHandler(FileBasedConfigurationBuilder.java:311) ~[commons-configuration2-2.7.jar:2.7]
	at org.apache.commons.configuration2.builder.FileBasedConfigurationBuilder.initResultInstance(FileBasedConfigurationBuilder.java:290) ~[commons-configuration2-2.7.jar:2.7]
	at org.apache.commons.configuration2.builder.FileBasedConfigurationBuilder.initResultInstance(FileBasedConfigurationBuilder.java:59) ~[commons-configuration2-2.7.jar:2.7]
	at org.apache.commons.configuration2.builder.BasicConfigurationBuilder.createResult(BasicConfigurationBuilder.java:420) ~[commons-configuration2-2.7.jar:2.7]
	at org.apache.commons.configuration2.builder.BasicConfigurationBuilder.getConfiguration(BasicConfigurationBuilder.java:284) ~[commons-configuration2-2.7.jar:2.7]
	at org.apache.commons.configuration2.builder.fluent.Configurations.properties(Configurations.java:306) ~[commons-configuration2-2.7.jar:2.7]
	at com.denis.domain.factories.ConfigFactory.<clinit>(ConfigFactory.java:25) ~[classes/:?]
	... 33 more
2022-06-02 19:18:06,044 DEBUG c.d.d.f.ConfigFactory [main] Configuration readability: false
2022-06-02 19:18:21,085 DEBUG c.d.d.f.ConfigFactory [main] Configuration readability: false
2022-06-02 19:18:22,399 DEBUG c.d.d.d.UserDao [main] Was returned UserDto{id=1, username='login', password='pass', name='Denis'}
2022-06-02 21:43:41,325 DEBUG c.d.d.f.ConfigFactory [main] Configuration readability: false
2022-06-02 21:43:42,382 DEBUG c.d.d.d.UserDao [main] Was returned UserDto{id=1, username='login', password='pass', name='Denis'}
